-- The C compiler identification is GNU 11.4.0
-- The CXX compiler identification is GNU 11.4.0
-- Detecting C compiler ABI info
-- Detecting C compiler ABI info - done
-- Check for working C compiler: /usr/bin/cc - skipped
-- Detecting C compile features
-- Detecting C compile features - done
-- Detecting CXX compiler ABI info
-- Detecting CXX compiler ABI info - done
-- Check for working CXX compiler: /usr/bin/c++ - skipped
-- Detecting CXX compile features
-- Detecting CXX compile features - done
-- Found ament_cmake: 1.3.6 (/opt/ros/humble/share/ament_cmake/cmake)
-- Found Python3: /usr/bin/python3.10 (found version "3.10.12") found components: Interpreter 
-- Found rosidl_default_generators: 1.2.0 (/opt/ros/humble/share/rosidl_default_generators/cmake)
-- Using all available rosidl_typesupport_c: rosidl_typesupport_fastrtps_c;rosidl_typesupport_introspection_c
-- Found rosidl_adapter: 3.1.5 (/opt/ros/humble/share/rosidl_adapter/cmake)
-- Using all available rosidl_typesupport_cpp: rosidl_typesupport_fastrtps_cpp;rosidl_typesupport_introspection_cpp
-- Found rclcpp: 16.0.7 (/opt/ros/humble/share/rclcpp/cmake)
-- Found rmw_implementation_cmake: 6.1.1 (/opt/ros/humble/share/rmw_implementation_cmake/cmake)
-- Found rmw_fastrtps_cpp: 6.2.5 (/opt/ros/humble/share/rmw_fastrtps_cpp/cmake)
-- Found OpenSSL: /usr/lib/x86_64-linux-gnu/libcrypto.so (found version "3.0.2")  
-- Found FastRTPS: /opt/ros/humble/include  
-- Using RMW implementation 'rmw_fastrtps_cpp' as default
-- Looking for pthread.h
-- Looking for pthread.h - found
-- Performing Test CMAKE_HAVE_LIBC_PTHREAD
-- Performing Test CMAKE_HAVE_LIBC_PTHREAD - Success
-- Found Threads: TRUE  
-- Found rclpy: 3.3.11 (/opt/ros/humble/share/rclpy/cmake)
-- Found leg_detector_msgs: 0.0.0 (/home/alex/ros2_ws/install/leg_detector_msgs/share/leg_detector_msgs/cmake)
-- Found OpenCV: /usr (found suitable version "4.5.4", minimum required is "4.5.4") 
-- Found sensor_msgs: 4.2.3 (/opt/ros/humble/share/sensor_msgs/cmake)
-- Found tf2: 0.25.5 (/opt/ros/humble/share/tf2/cmake)
-- Found tf2_geometry_msgs: 0.25.5 (/opt/ros/humble/share/tf2_geometry_msgs/cmake)
-- Found eigen3_cmake_module: 0.1.1 (/opt/ros/humble/share/eigen3_cmake_module/cmake)
-- Found Eigen3: TRUE (found version "3.4.0") 
-- Ensuring Eigen3 include directory is part of orocos-kdl CMake target
-- Found visualization_msgs: 4.2.3 (/opt/ros/humble/share/visualization_msgs/cmake)
-- Found nav_msgs: 4.2.3 (/opt/ros/humble/share/nav_msgs/cmake)
-- Found ament_lint_auto: 0.12.9 (/opt/ros/humble/share/ament_lint_auto/cmake)
-- Added test 'copyright' to check source files copyright and LICENSE
-- Added test 'cppcheck' to perform static code analysis on C / C++ code
-- Configured cppcheck include dirs: /home/alex/ros2_ws/src/leg_detector/include
-- Configured cppcheck exclude dirs and/or files: 
-- Added test 'cpplint' to check C / C++ code against the Google style
-- Configured cpplint exclude dirs and/or files: 
-- Added test 'flake8' to check Python code syntax and style conventions
-- Added test 'lint_cmake' to check CMake code style
-- Added test 'pep257' to check Python code against some of the docstring style conventions in PEP 257
-- Added test 'uncrustify' to check C / C++ code style
-- Configured uncrustify additional arguments: 
-- Added test 'xmllint' to check XML markup files
-- Configuring done
-- Generating done
-- Build files have been written to: /home/alex/ros2_ws/build/leg_detector
[ 44%] [32mBuilding CXX object CMakeFiles/detect_leg_clusters.dir/src/laser_processor.cpp.o[0m
[ 44%] [32mBuilding CXX object CMakeFiles/local_occupancy_grid_mapping.dir/src/laser_processor.cpp.o[0m
[ 44%] [32mBuilding CXX object CMakeFiles/inflated_human_scan.dir/src/inflated_human_scan.cpp.o[0m
[ 44%] [32mBuilding CXX object CMakeFiles/detect_leg_clusters.dir/src/detect_leg_clusters.cpp.o[0m
[01m[K/home/alex/ros2_ws/src/leg_detector/src/inflated_human_scan.cpp:49:57:[m[K [01;31m[Kerror: [m[Kâ€˜[01m[KPersonArray[m[Kâ€™ is not a member of â€˜[01m[Kleg_detector_msgs::msg[m[Kâ€™
   49 |     message_filters::Subscriber<leg_detector_msgs::msg::[01;31m[KPersonArray[m[K> people_tracked_sub_;
      |                                                         [01;31m[K^~~~~~~~~~~[m[K
[01m[K/home/alex/ros2_ws/src/leg_detector/src/inflated_human_scan.cpp:49:68:[m[K [01;31m[Kerror: [m[Ktemplate argument 1 is invalid
   49 |     message_filters::Subscriber<leg_detector_msgs::msg::PersonArray[01;31m[K>[m[K people_tracked_sub_;
      |                                                                    [01;31m[K^[m[K
[01m[K/home/alex/ros2_ws/src/leg_detector/src/inflated_human_scan.cpp:50:92:[m[K [01;31m[Kerror: [m[Kâ€˜[01m[KPersonArray[m[Kâ€™ is not a member of â€˜[01m[Kleg_detector_msgs::msg[m[Kâ€™
   50 |     message_filters::TimeSynchronizer<sensor_msgs::msg::LaserScan, leg_detector_msgs::msg::[01;31m[KPersonArray[m[K> sync_;
      |                                                                                            [01;31m[K^~~~~~~~~~~[m[K
[01m[K/home/alex/ros2_ws/src/leg_detector/src/inflated_human_scan.cpp:50:103:[m[K [01;31m[Kerror: [m[Ktemplate argument 2 is invalid
   50 |     message_filters::TimeSynchronizer<sensor_msgs::msg::LaserScan, leg_detector_msgs::msg::PersonArray[01;31m[K>[m[K sync_;
      |                                                                                                       [01;31m[K^[m[K
[01m[K/home/alex/ros2_ws/src/leg_detector/src/inflated_human_scan.cpp:65:64:[m[K [01;31m[Kerror: [m[Kâ€˜[01m[KPersonArray[m[Kâ€™ in namespace â€˜[01m[Kleg_detector_msgs::msg[m[Kâ€™ does not name a type
   65 |                                  const leg_detector_msgs::msg::[01;31m[KPersonArray[m[K::ConstSharedPtr &people_tracked) {
      |                                                                [01;31m[K^~~~~~~~~~~[m[K
[01m[K/home/alex/ros2_ws/src/leg_detector/src/inflated_human_scan.cpp:65:92:[m[K [01;31m[Kerror: [m[Kexpected unqualified-id before â€˜[01m[K&[m[Kâ€™ token
   65 |                                  const leg_detector_msgs::msg::PersonArray::ConstSharedPtr [01;31m[K&[m[Kpeople_tracked) {
      |                                                                                            [01;31m[K^[m[K
[01m[K/home/alex/ros2_ws/src/leg_detector/src/inflated_human_scan.cpp:65:91:[m[K [01;31m[Kerror: [m[Kexpected â€˜[01m[K)[m[Kâ€™ before â€˜[01m[K&[m[Kâ€™ token
   65 |                                  const leg_detector_msgs::msg::PersonArray::ConstSharedPtr[01;31m[K [m[K[32m[K&[m[Kpeople_tracked) {
      |                                                                                           [01;31m[K^[m[K[32m[K~[m[K
      |                                                                                           [32m[K)[m[K
[01m[K/home/alex/ros2_ws/src/leg_detector/src/inflated_human_scan.cpp:64:33:[m[K [01;36m[Knote: [m[Kto match this â€˜[01m[K([m[Kâ€™
   64 |     void inflated_human_callback[01;36m[K([m[Kconst sensor_msgs::msg::LaserScan::ConstSharedPtr &scan,
      |                                 [01;36m[K^[m[K
[01m[K/home/alex/ros2_ws/src/leg_detector/src/inflated_human_scan.cpp:65:92:[m[K [01;31m[Kerror: [m[Kexpected â€˜[01m[K;[m[Kâ€™ at end of member declaration
   65 |                                  const leg_detector_msgs::msg::PersonArray::ConstSharedPtr [01;31m[K&[m[Kpeople_tracked) {
      |                                                                                            [01;31m[K^[m[K
      |                                                                                             [32m[K;[m[K
[01m[K/home/alex/ros2_ws/src/leg_detector/src/inflated_human_scan.cpp:65:93:[m[K [01;31m[Kerror: [m[Kâ€˜[01m[Kpeople_tracked[m[Kâ€™ does not name a type
   65 |                                  const leg_detector_msgs::msg::PersonArray::ConstSharedPtr &[01;31m[Kpeople_tracked[m[K) {
      |                                                                                             [01;31m[K^~~~~~~~~~~~~~[m[K
[01m[K/home/alex/ros2_ws/src/leg_detector/src/inflated_human_scan.cpp:[m[K In constructor â€˜[01m[KInflatedHumanScanNode::InflatedHumanScanNode()[m[Kâ€™:
[01m[K/home/alex/ros2_ws/src/leg_detector/src/inflated_human_scan.cpp:22:11:[m[K [01;31m[Kerror: [m[Kexpression list treated as compound expression in mem-initializer [[01;31m[K]8;;https://gcc.gnu.org/onlinedocs/gcc/Warning-Options.html#index-fpermissive-fpermissive]8;;[m[K]
   22 |           [01;31m[Kpeople_tracked_sub_(this, "people_tracked")[m[K,
      |           [01;31m[K^~~~~~~~~~~~~~~~~~~~~~~~~~~~~~~~~~~~~~~~~~~[m[K
[01m[K/home/alex/ros2_ws/src/leg_detector/src/inflated_human_scan.cpp:22:31:[m[K [01;35m[Kwarning: [m[Kleft operand of comma operator has no effect [[01;35m[K]8;;https://gcc.gnu.org/onlinedocs/gcc/Warning-Options.html#index-Wunused-value-Wunused-value]8;;[m[K]
   22 |           people_tracked_sub_([01;35m[Kthis[m[K, "people_tracked"),
      |                               [01;35m[K^~~~[m[K
[01m[K/home/alex/ros2_ws/src/leg_detector/src/inflated_human_scan.cpp:22:11:[m[K [01;31m[Kerror: [m[Kinvalid conversion from â€˜[01m[Kconst char*[m[Kâ€™ to â€˜[01m[Kint[m[Kâ€™ [[01;31m[K]8;;https://gcc.gnu.org/onlinedocs/gcc/Warning-Options.html#index-fpermissive-fpermissive]8;;[m[K]
   22 |           [01;31m[Kpeople_tracked_sub_(this, "people_tracked")[m[K,
      |           [01;31m[K^~~~~~~~~~~~~~~~~~~~~~~~~~~~~~~~~~~~~~~~~~~[m[K
      |           [01;31m[K|[m[K
      |           [01;31m[Kconst char*[m[K
[01m[K/home/alex/ros2_ws/src/leg_detector/src/inflated_human_scan.cpp:23:11:[m[K [01;31m[Kerror: [m[Kexpression list treated as compound expression in mem-initializer [[01;31m[K]8;;https://gcc.gnu.org/onlinedocs/gcc/Warning-Options.html#index-fpermissive-fpermissive]8;;[m[K]
   23 |           [01;31m[Ksync_(scan_sub_, people_tracked_sub_, 200)[m[K
      |           [01;31m[K^~~~~~~~~~~~~~~~~~~~~~~~~~~~~~~~~~~~~~~~~~[m[K
[01m[K/home/alex/ros2_ws/src/leg_detector/src/inflated_human_scan.cpp:23:17:[m[K [01;35m[Kwarning: [m[Kleft operand of comma operator has no effect [[01;35m[K]8;;https://gcc.gnu.org/onlinedocs/gcc/Warning-Options.html#index-Wunused-value-Wunused-value]8;;[m[K]
   23 |           sync_([01;35m[Kscan_sub_[m[K, people_tracked_sub_, 200)
      |                 [01;35m[K^~~~~~~~~[m[K
[01m[K/home/alex/ros2_ws/src/leg_detector/src/inflated_human_scan.cpp:23:28:[m[K [01;35m[Kwarning: [m[Kright operand of comma operator has no effect [[01;35m[K]8;;https://gcc.gnu.org/onlinedocs/gcc/Warning-Options.html#index-Wunused-value-Wunused-value]8;;[m[K]
   23 |           sync_(scan_sub_, [01;35m[Kpeople_tracked_sub_[m[K, 200)
      |                            [01;35m[K^~~~~~~~~~~~~~~~~~~[m[K
[01m[K/home/alex/ros2_ws/src/leg_detector/src/inflated_human_scan.cpp:34:29:[m[K [01;31m[Kerror: [m[Krequest for member â€˜[01m[Ksubscribe[m[Kâ€™ in â€˜[01m[K((InflatedHumanScanNode*)this)->InflatedHumanScanNode::people_tracked_sub_[m[Kâ€™, which is of non-class type â€˜[01m[Kint[m[Kâ€™
   34 |         people_tracked_sub_.[01;31m[Ksubscribe[m[K(this, "people_tracked");
      |                             [01;31m[K^~~~~~~~~[m[K
[01m[K/home/alex/ros2_ws/src/leg_detector/src/inflated_human_scan.cpp:39:15:[m[K [01;31m[Kerror: [m[Krequest for member â€˜[01m[KregisterCallback[m[Kâ€™ in â€˜[01m[K((InflatedHumanScanNode*)this)->InflatedHumanScanNode::sync_[m[Kâ€™, which is of non-class type â€˜[01m[Kint[m[Kâ€™
   39 |         sync_.[01;31m[KregisterCallback[m[K(std::bind(&InflatedHumanScanNode::inflated_human_callback, this, std::placeholders::_1,
      |               [01;31m[K^~~~~~~~~~~~~~~~[m[K
[ 55%] [32mBuilding CXX object CMakeFiles/local_occupancy_grid_mapping.dir/src/local_occupancy_grid_mapping.cpp.o[0m
[ 66%] [32mBuilding CXX object CMakeFiles/detect_leg_clusters.dir/src/cluster_features.cpp.o[0m
gmake[2]: *** [CMakeFiles/inflated_human_scan.dir/build.make:76: CMakeFiles/inflated_human_scan.dir/src/inflated_human_scan.cpp.o] Error 1
gmake[1]: *** [CMakeFiles/Makefile2:193: CMakeFiles/inflated_human_scan.dir/all] Error 2
gmake[1]: *** Waiting for unfinished jobs....
[ 77%] [32m[1mLinking CXX executable detect_leg_clusters[0m
[ 77%] Built target detect_leg_clusters
[ 88%] [32m[1mLinking CXX executable local_occupancy_grid_mapping[0m
[ 88%] Built target local_occupancy_grid_mapping
gmake: *** [Makefile:146: all] Error 2
