[0.404s] Invoking command in '/home/alex/ros2_ws/build/nav2_social_costmap_plugin': CMAKE_PREFIX_PATH=/home/alex/ros2_ws/install/people_msgs:/home/alex/ros2_ws/install/nav2_social_costmap_plugin:/home/alex/ros2_ws/install/leg_detector:/home/alex/ros2_ws/install/leg_detector_msgs:/home/alex/ros2_ws/install/articubot_one:/home/alex/ros2_ws/install/people_pub:/home/alex/ros2_ws/install/get_state_human:/opt/ros/humble LD_LIBRARY_PATH=/home/alex/ros2_ws/install/people_msgs/lib:/home/alex/ros2_ws/install/nav2_social_costmap_plugin/lib:/home/alex/ros2_ws/install/leg_detector_msgs/lib:/usr/lib/x86_64-linux-gnu/gazebo-11/plugins:/opt/ros/humble/opt/rviz_ogre_vendor/lib:/opt/ros/humble/lib/x86_64-linux-gnu:/opt/ros/humble/lib /usr/bin/cmake --build /home/alex/ros2_ws/build/nav2_social_costmap_plugin -- -j4 -l4
[0.472s] [35m[1mConsolidate compiler generated dependencies of target nav2_social_costmap_plugin_core[0m
[0.520s] [ 50%] [32mBuilding CXX object CMakeFiles/nav2_social_costmap_plugin_core.dir/src/social_layer.cpp.o[0m
[5.251s] [01m[K/home/alex/ros2_ws/src/nav2_social_costmap_plugin/src/social_layer.cpp:[m[K In member function â€˜[01m[Kvirtual void nav2_social_costmap_plugin::SocialLayer::updateBounds(double, double, double, double*, double*, double*, double*)[m[Kâ€™:
[5.251s] [01m[K/home/alex/ros2_ws/src/nav2_social_costmap_plugin/src/social_layer.cpp:121:41:[m[K [01;35m[Kwarning: [m[Kunused parameter â€˜[01m[Krobot_x[m[Kâ€™ [[01;35m[K]8;;https://gcc.gnu.org/onlinedocs/gcc/Warning-Options.html#index-Wunused-parameter-Wunused-parameter]8;;[m[K]
[5.251s]   121 |   void SocialLayer::updateBounds([01;35m[Kdouble robot_x[m[K, double robot_y, double robot_yaw, double *min_x,
[5.251s]       |                                  [01;35m[K~~~~~~~^~~~~~~[m[K
[5.251s] [01m[K/home/alex/ros2_ws/src/nav2_social_costmap_plugin/src/social_layer.cpp:121:57:[m[K [01;35m[Kwarning: [m[Kunused parameter â€˜[01m[Krobot_y[m[Kâ€™ [[01;35m[K]8;;https://gcc.gnu.org/onlinedocs/gcc/Warning-Options.html#index-Wunused-parameter-Wunused-parameter]8;;[m[K]
[5.251s]   121 |   void SocialLayer::updateBounds(double robot_x, [01;35m[Kdouble robot_y[m[K, double robot_yaw, double *min_x,
[5.251s]       |                                                  [01;35m[K~~~~~~~^~~~~~~[m[K
[5.252s] [01m[K/home/alex/ros2_ws/src/nav2_social_costmap_plugin/src/social_layer.cpp:121:73:[m[K [01;35m[Kwarning: [m[Kunused parameter â€˜[01m[Krobot_yaw[m[Kâ€™ [[01;35m[K]8;;https://gcc.gnu.org/onlinedocs/gcc/Warning-Options.html#index-Wunused-parameter-Wunused-parameter]8;;[m[K]
[5.252s]   121 | lLayer::updateBounds(double robot_x, double robot_y, [01;35m[Kdouble robot_yaw[m[K, double *min_x,
[5.252s]       |                                                      [01;35m[K~~~~~~~^~~~~~~~~[m[K
[5.252s] 
[5.253s] [01m[K/home/alex/ros2_ws/src/nav2_social_costmap_plugin/src/social_layer.cpp:[m[K In member function â€˜[01m[Kvirtual void nav2_social_costmap_plugin::SocialLayer::updateCosts(nav2_costmap_2d::Costmap2D&, int, int, int, int)[m[Kâ€™:
[5.253s] [01m[K/home/alex/ros2_ws/src/nav2_social_costmap_plugin/src/social_layer.cpp:378:13:[m[K [01;31m[Kerror: [m[Kexpected â€˜[01m[K,[m[Kâ€™ or â€˜[01m[K;[m[Kâ€™ before â€˜[01m[Kdouble[m[Kâ€™
[5.254s]   378 |             [01;31m[Kdouble[m[K sigma_when_still_y_=sigma_when_still_ + 0.2
[5.254s]       |             [01;31m[K^~~~~~[m[K
[5.254s] [01m[K/home/alex/ros2_ws/src/nav2_social_costmap_plugin/src/social_layer.cpp:377:20:[m[K [01;35m[Kwarning: [m[Kunused variable â€˜[01m[Ksigma_when_still_x_[m[Kâ€™ [[01;35m[K]8;;https://gcc.gnu.org/onlinedocs/gcc/Warning-Options.html#index-Wunused-variable-Wunused-variable]8;;[m[K]
[5.254s]   377 |             double [01;35m[Ksigma_when_still_x_[m[K=sigma_when_still_
[5.254s]       |                    [01;35m[K^~~~~~~~~~~~~~~~~~~[m[K
[8.250s] gmake[2]: *** [CMakeFiles/nav2_social_costmap_plugin_core.dir/build.make:76: CMakeFiles/nav2_social_costmap_plugin_core.dir/src/social_layer.cpp.o] Error 1
[8.250s] gmake[1]: *** [CMakeFiles/Makefile2:137: CMakeFiles/nav2_social_costmap_plugin_core.dir/all] Error 2
[8.251s] gmake: *** [Makefile:146: all] Error 2
[8.253s] Invoked command in '/home/alex/ros2_ws/build/nav2_social_costmap_plugin' returned '2': CMAKE_PREFIX_PATH=/home/alex/ros2_ws/install/people_msgs:/home/alex/ros2_ws/install/nav2_social_costmap_plugin:/home/alex/ros2_ws/install/leg_detector:/home/alex/ros2_ws/install/leg_detector_msgs:/home/alex/ros2_ws/install/articubot_one:/home/alex/ros2_ws/install/people_pub:/home/alex/ros2_ws/install/get_state_human:/opt/ros/humble LD_LIBRARY_PATH=/home/alex/ros2_ws/install/people_msgs/lib:/home/alex/ros2_ws/install/nav2_social_costmap_plugin/lib:/home/alex/ros2_ws/install/leg_detector_msgs/lib:/usr/lib/x86_64-linux-gnu/gazebo-11/plugins:/opt/ros/humble/opt/rviz_ogre_vendor/lib:/opt/ros/humble/lib/x86_64-linux-gnu:/opt/ros/humble/lib /usr/bin/cmake --build /home/alex/ros2_ws/build/nav2_social_costmap_plugin -- -j4 -l4
